{"D:\\School\\IPASS\\IPASS-Project\\frontend\\src\\App.vue": {"path":"D:\\School\\IPASS\\IPASS-Project\\frontend\\src\\App.vue","statementMap":{"0":{"start":{"line":23,"column":0},"end":{"line":null,"column":-1}}},"fnMap":{},"branchMap":{},"s":{"0":1},"f":{},"b":{}}
,"D:\\School\\IPASS\\IPASS-Project\\frontend\\src\\store.js": {"path":"D:\\School\\IPASS\\IPASS-Project\\frontend\\src\\store.js","statementMap":{"0":{"start":{"line":1,"column":0},"end":{"line":null,"column":-1}},"1":{"start":{"line":2,"column":0},"end":{"line":null,"column":-1}},"2":{"start":{"line":3,"column":0},"end":{"line":null,"column":-1}},"3":{"start":{"line":5,"column":0},"end":{"line":null,"column":-1}},"4":{"start":{"line":16,"column":12},"end":{"line":null,"column":-1}},"5":{"start":{"line":17,"column":12},"end":{"line":null,"column":-1}},"6":{"start":{"line":18,"column":12},"end":{"line":null,"column":-1}},"7":{"start":{"line":21,"column":12},"end":{"line":null,"column":-1}},"8":{"start":{"line":22,"column":12},"end":{"line":null,"column":-1}},"9":{"start":{"line":27,"column":12},"end":{"line":null,"column":-1}},"10":{"start":{"line":28,"column":16},"end":{"line":null,"column":-1}},"11":{"start":{"line":29,"column":16},"end":{"line":null,"column":-1}},"12":{"start":{"line":31,"column":24},"end":{"line":null,"column":-1}},"13":{"start":{"line":32,"column":24},"end":{"line":39,"column":25}},"14":{"start":{"line":33,"column":28},"end":{"line":32,"column":51}},"15":{"start":{"line":35,"column":28},"end":{"line":null,"column":-1}},"16":{"start":{"line":40,"column":24},"end":{"line":null,"column":-1}},"17":{"start":{"line":43,"column":24},"end":{"line":42,"column":36}},"18":{"start":{"line":45,"column":24},"end":{"line":null,"column":-1}},"19":{"start":{"line":48,"column":24},"end":{"line":null,"column":-1}},"20":{"start":{"line":54,"column":29},"end":{"line":53,"column":13}},"21":{"start":{"line":55,"column":34},"end":{"line":53,"column":13}},"22":{"start":{"line":56,"column":30},"end":{"line":53,"column":13}},"23":{"start":{"line":57,"column":30},"end":{"line":57,"column":36}}},"fnMap":{"0":{"name":"(anonymous_0)","decl":{"start":{"line":27,"column":31},"end":{"line":27,"column":32}},"loc":{"start":{"line":27,"column":52},"end":{"line":27,"column":19}}},"1":{"name":"(anonymous_1)","decl":{"start":{"line":30,"column":26},"end":{"line":30,"column":33}},"loc":{"start":{"line":30,"column":38},"end":{"line":29,"column":16}}},"2":{"name":"(anonymous_2)","decl":{"start":{"line":42,"column":27},"end":{"line":42,"column":31}},"loc":{"start":{"line":42,"column":36},"end":{"line":29,"column":16}}},"3":{"name":"(anonymous_3)","decl":{"start":{"line":54,"column":20},"end":{"line":54,"column":24}},"loc":{"start":{"line":54,"column":29},"end":{"line":53,"column":13}}},"4":{"name":"(anonymous_4)","decl":{"start":{"line":55,"column":25},"end":{"line":55,"column":29}},"loc":{"start":{"line":55,"column":34},"end":{"line":53,"column":13}}},"5":{"name":"(anonymous_5)","decl":{"start":{"line":56,"column":21},"end":{"line":56,"column":25}},"loc":{"start":{"line":56,"column":30},"end":{"line":53,"column":13}}},"6":{"name":"(anonymous_6)","decl":{"start":{"line":57,"column":21},"end":{"line":57,"column":25}},"loc":{"start":{"line":57,"column":30},"end":{"line":57,"column":36}}}},"branchMap":{"0":{"loc":{"start":{"line":32,"column":24},"end":{"line":39,"column":25}},"type":"if","locations":[{"start":{"line":32,"column":24},"end":{"line":39,"column":25}},{"start":{"line":32,"column":24},"end":{"line":39,"column":25}}]}},"s":{"0":0,"1":0,"2":0,"3":0,"4":0,"5":0,"6":0,"7":0,"8":0,"9":0,"10":0,"11":0,"12":0,"13":0,"14":0,"15":0,"16":0,"17":0,"18":0,"19":0,"20":0,"21":0,"22":0,"23":0},"f":{"0":0,"1":0,"2":0,"3":0,"4":0,"5":0,"6":0},"b":{"0":[0,0]}}
,"D:\\School\\IPASS\\IPASS-Project\\frontend\\src\\components\\Bootstrap.vue": {"path":"D:\\School\\IPASS\\IPASS-Project\\frontend\\src\\components\\Bootstrap.vue","statementMap":{"0":{"start":{"line":47,"column":0},"end":{"line":null,"column":-1}},"1":{"start":{"line":53,"column":0},"end":{"line":null,"column":-1}},"2":{"start":{"line":71,"column":0},"end":{"line":81,"column":0}},"3":{"start":{"line":72,"column":0},"end":{"line":null,"column":-1}},"4":{"start":{"line":73,"column":0},"end":{"line":null,"column":-1}},"5":{"start":{"line":74,"column":0},"end":{"line":null,"column":-1}},"6":{"start":{"line":75,"column":0},"end":{"line":null,"column":-1}},"7":{"start":{"line":76,"column":0},"end":{"line":null,"column":-1}},"8":{"start":{"line":77,"column":0},"end":{"line":null,"column":-1}},"9":{"start":{"line":80,"column":0},"end":{"line":null,"column":-1}}},"fnMap":{"0":{"name":"(anonymous_1)","decl":{"start":{"line":71,"column":0},"end":{"line":null,"column":-1}},"loc":{"start":{"line":71,"column":0},"end":{"line":78,"column":0}}},"1":{"name":"(anonymous_2)","decl":{"start":{"line":78,"column":0},"end":{"line":null,"column":-1}},"loc":{"start":{"line":78,"column":0},"end":{"line":81,"column":0}}}},"branchMap":{},"s":{"0":0,"1":0,"2":0,"3":0,"4":0,"5":0,"6":0,"7":0,"8":0,"9":0},"f":{"0":0,"1":0},"b":{}}
,"D:\\School\\IPASS\\IPASS-Project\\frontend\\src\\components\\Home.vue": {"path":"D:\\School\\IPASS\\IPASS-Project\\frontend\\src\\components\\Home.vue","statementMap":{"0":{"start":{"line":35,"column":0},"end":{"line":null,"column":-1}},"1":{"start":{"line":40,"column":0},"end":{"line":null,"column":-1}},"2":{"start":{"line":42,"column":0},"end":{"line":null,"column":-1}},"3":{"start":{"line":49,"column":0},"end":{"line":null,"column":-1}},"4":{"start":{"line":50,"column":0},"end":{"line":75,"column":0}},"5":{"start":{"line":52,"column":0},"end":{"line":null,"column":-1}},"6":{"start":{"line":56,"column":0},"end":{"line":66,"column":0}},"7":{"start":{"line":57,"column":0},"end":{"line":null,"column":-1}},"8":{"start":{"line":58,"column":0},"end":{"line":null,"column":-1}},"9":{"start":{"line":70,"column":0},"end":{"line":null,"column":-1}},"10":{"start":{"line":74,"column":0},"end":{"line":null,"column":-1}},"11":{"start":{"line":80,"column":0},"end":{"line":99,"column":0}},"12":{"start":{"line":82,"column":0},"end":{"line":97,"column":0}},"13":{"start":{"line":84,"column":0},"end":{"line":null,"column":-1}},"14":{"start":{"line":85,"column":0},"end":{"line":null,"column":-1}},"15":{"start":{"line":91,"column":0},"end":{"line":null,"column":-1}},"16":{"start":{"line":94,"column":0},"end":{"line":null,"column":-1}},"17":{"start":{"line":101,"column":0},"end":{"line":null,"column":-1}},"18":{"start":{"line":103,"column":0},"end":{"line":105,"column":0}},"19":{"start":{"line":104,"column":0},"end":{"line":null,"column":-1}},"20":{"start":{"line":110,"column":0},"end":{"line":null,"column":-1}},"21":{"start":{"line":111,"column":0},"end":{"line":null,"column":-1}}},"fnMap":{"0":{"name":"(anonymous_1)","decl":{"start":{"line":40,"column":0},"end":{"line":null,"column":-1}},"loc":{"start":{"line":40,"column":0},"end":{"line":null,"column":-1}}},"1":{"name":"(anonymous_2)","decl":{"start":{"line":48,"column":0},"end":{"line":null,"column":-1}},"loc":{"start":{"line":48,"column":0},"end":{"line":76,"column":0}}},"2":{"name":"(anonymous_3)","decl":{"start":{"line":50,"column":0},"end":{"line":null,"column":-1}},"loc":{"start":{"line":50,"column":0},"end":{"line":53,"column":0}}},"3":{"name":"(anonymous_4)","decl":{"start":{"line":53,"column":0},"end":{"line":null,"column":-1}},"loc":{"start":{"line":53,"column":0},"end":{"line":68,"column":0}}},"4":{"name":"(anonymous_5)","decl":{"start":{"line":68,"column":0},"end":{"line":null,"column":-1}},"loc":{"start":{"line":68,"column":0},"end":{"line":71,"column":0}}},"5":{"name":"(anonymous_6)","decl":{"start":{"line":71,"column":0},"end":{"line":null,"column":-1}},"loc":{"start":{"line":71,"column":0},"end":{"line":75,"column":0}}},"6":{"name":"(anonymous_7)","decl":{"start":{"line":78,"column":0},"end":{"line":null,"column":-1}},"loc":{"start":{"line":78,"column":0},"end":{"line":107,"column":0}}},"7":{"name":"(anonymous_8)","decl":{"start":{"line":80,"column":0},"end":{"line":null,"column":-1}},"loc":{"start":{"line":80,"column":0},"end":{"line":99,"column":0}}},"8":{"name":"(anonymous_9)","decl":{"start":{"line":103,"column":0},"end":{"line":null,"column":-1}},"loc":{"start":{"line":103,"column":0},"end":{"line":105,"column":0}}},"9":{"name":"(anonymous_10)","decl":{"start":{"line":109,"column":0},"end":{"line":null,"column":-1}},"loc":{"start":{"line":109,"column":0},"end":{"line":112,"column":0}}}},"branchMap":{"0":{"loc":{"start":{"line":91,"column":0},"end":{"line":null,"column":-1}},"type":"if","locations":[{"start":{"line":91,"column":0},"end":{"line":null,"column":-1}},{"start":{"line":91,"column":0},"end":{"line":null,"column":-1}}]},"1":{"loc":{"start":{"line":94,"column":0},"end":{"line":null,"column":-1}},"type":"if","locations":[{"start":{"line":94,"column":0},"end":{"line":null,"column":-1}},{"start":{"line":94,"column":0},"end":{"line":null,"column":-1}}]}},"s":{"0":0,"1":0,"2":0,"3":0,"4":0,"5":0,"6":0,"7":0,"8":0,"9":0,"10":0,"11":0,"12":0,"13":0,"14":0,"15":0,"16":0,"17":0,"18":0,"19":0,"20":0,"21":0},"f":{"0":0,"1":0,"2":0,"3":0,"4":0,"5":0,"6":0,"7":0,"8":0,"9":0},"b":{"0":[0,0],"1":[0,0]}}
,"D:\\School\\IPASS\\IPASS-Project\\frontend\\src\\components\\Login.vue": {"path":"D:\\School\\IPASS\\IPASS-Project\\frontend\\src\\components\\Login.vue","statementMap":{"0":{"start":{"line":25,"column":0},"end":{"line":null,"column":-1}},"1":{"start":{"line":35,"column":0},"end":{"line":null,"column":-1}},"2":{"start":{"line":36,"column":0},"end":{"line":44,"column":0}},"3":{"start":{"line":38,"column":0},"end":{"line":null,"column":-1}},"4":{"start":{"line":41,"column":0},"end":{"line":null,"column":-1}},"5":{"start":{"line":42,"column":0},"end":{"line":null,"column":-1}},"6":{"start":{"line":43,"column":0},"end":{"line":null,"column":-1}}},"fnMap":{"0":{"name":"(anonymous_1)","decl":{"start":{"line":36,"column":0},"end":{"line":null,"column":-1}},"loc":{"start":{"line":36,"column":0},"end":{"line":39,"column":0}}},"1":{"name":"(anonymous_2)","decl":{"start":{"line":39,"column":0},"end":{"line":null,"column":-1}},"loc":{"start":{"line":39,"column":0},"end":{"line":44,"column":0}}}},"branchMap":{},"s":{"0":0,"1":0,"2":0,"3":0,"4":0,"5":0,"6":0},"f":{"0":0,"1":0},"b":{}}
,"D:\\School\\IPASS\\IPASS-Project\\frontend\\src\\components\\Protected.vue": {"path":"D:\\School\\IPASS\\IPASS-Project\\frontend\\src\\components\\Protected.vue","statementMap":{"0":{"start":{"line":20,"column":0},"end":{"line":null,"column":-1}},"1":{"start":{"line":21,"column":0},"end":{"line":null,"column":-1}},"2":{"start":{"line":27,"column":0},"end":{"line":null,"column":-1}},"3":{"start":{"line":35,"column":0},"end":{"line":44,"column":0}},"4":{"start":{"line":37,"column":0},"end":{"line":null,"column":-1}},"5":{"start":{"line":38,"column":0},"end":{"line":null,"column":-1}},"6":{"start":{"line":39,"column":0},"end":{"line":null,"column":-1}},"7":{"start":{"line":42,"column":0},"end":{"line":null,"column":-1}},"8":{"start":{"line":43,"column":0},"end":{"line":null,"column":-1}}},"fnMap":{"0":{"name":"(anonymous_1)","decl":{"start":{"line":35,"column":0},"end":{"line":null,"column":-1}},"loc":{"start":{"line":35,"column":0},"end":{"line":40,"column":0}}},"1":{"name":"(anonymous_2)","decl":{"start":{"line":40,"column":0},"end":{"line":null,"column":-1}},"loc":{"start":{"line":40,"column":0},"end":{"line":44,"column":0}}}},"branchMap":{},"s":{"0":0,"1":0,"2":0,"3":0,"4":0,"5":0,"6":0,"7":0,"8":0},"f":{"0":0,"1":0},"b":{}}
,"D:\\School\\IPASS\\IPASS-Project\\frontend\\src\\components\\Service.vue": {"path":"D:\\School\\IPASS\\IPASS-Project\\frontend\\src\\components\\Service.vue","statementMap":{"0":{"start":{"line":14,"column":0},"end":{"line":null,"column":-1}},"1":{"start":{"line":20,"column":0},"end":{"line":null,"column":-1}},"2":{"start":{"line":29,"column":0},"end":{"line":35,"column":0}},"3":{"start":{"line":30,"column":0},"end":{"line":null,"column":-1}},"4":{"start":{"line":31,"column":0},"end":{"line":null,"column":-1}},"5":{"start":{"line":34,"column":0},"end":{"line":null,"column":-1}}},"fnMap":{"0":{"name":"(anonymous_1)","decl":{"start":{"line":29,"column":0},"end":{"line":null,"column":-1}},"loc":{"start":{"line":29,"column":0},"end":{"line":32,"column":0}}},"1":{"name":"(anonymous_2)","decl":{"start":{"line":32,"column":0},"end":{"line":null,"column":-1}},"loc":{"start":{"line":32,"column":0},"end":{"line":35,"column":0}}}},"branchMap":{},"s":{"0":0,"1":0,"2":0,"3":0,"4":0,"5":0},"f":{"0":0,"1":0},"b":{}}
,"D:\\School\\IPASS\\IPASS-Project\\frontend\\src\\components\\User.vue": {"path":"D:\\School\\IPASS\\IPASS-Project\\frontend\\src\\components\\User.vue","statementMap":{"0":{"start":{"line":22,"column":0},"end":{"line":null,"column":-1}},"1":{"start":{"line":28,"column":0},"end":{"line":null,"column":-1}},"2":{"start":{"line":45,"column":0},"end":{"line":54,"column":0}},"3":{"start":{"line":47,"column":0},"end":{"line":null,"column":-1}},"4":{"start":{"line":48,"column":0},"end":{"line":null,"column":-1}},"5":{"start":{"line":49,"column":0},"end":{"line":null,"column":-1}},"6":{"start":{"line":50,"column":0},"end":{"line":null,"column":-1}},"7":{"start":{"line":53,"column":0},"end":{"line":null,"column":-1}},"8":{"start":{"line":57,"column":0},"end":{"line":64,"column":0}},"9":{"start":{"line":59,"column":0},"end":{"line":null,"column":-1}},"10":{"start":{"line":60,"column":0},"end":{"line":null,"column":-1}},"11":{"start":{"line":63,"column":0},"end":{"line":null,"column":-1}}},"fnMap":{"0":{"name":"(anonymous_1)","decl":{"start":{"line":45,"column":0},"end":{"line":null,"column":-1}},"loc":{"start":{"line":45,"column":0},"end":{"line":51,"column":0}}},"1":{"name":"(anonymous_2)","decl":{"start":{"line":51,"column":0},"end":{"line":null,"column":-1}},"loc":{"start":{"line":51,"column":0},"end":{"line":54,"column":0}}},"2":{"name":"(anonymous_3)","decl":{"start":{"line":57,"column":0},"end":{"line":null,"column":-1}},"loc":{"start":{"line":57,"column":0},"end":{"line":61,"column":0}}},"3":{"name":"(anonymous_4)","decl":{"start":{"line":61,"column":0},"end":{"line":null,"column":-1}},"loc":{"start":{"line":61,"column":0},"end":{"line":64,"column":0}}}},"branchMap":{},"s":{"0":1,"1":1,"2":0,"3":0,"4":0,"5":0,"6":0,"7":0,"8":0,"9":0,"10":0,"11":0},"f":{"0":0,"1":0,"2":0,"3":0},"b":{}}
,"D:\\School\\IPASS\\IPASS-Project\\frontend\\src\\components\\backend-api.js": {"path":"D:\\School\\IPASS\\IPASS-Project\\frontend\\src\\components\\backend-api.js","statementMap":{"0":{"start":{"line":3,"column":14},"end":{"line":6,"column":2}},"1":{"start":{"line":11,"column":8},"end":{"line":11,"column":36}},"2":{"start":{"line":14,"column":8},"end":{"line":14,"column":35}},"3":{"start":{"line":17,"column":8},"end":{"line":17,"column":44}},"4":{"start":{"line":20,"column":8},"end":{"line":20,"column":65}},"5":{"start":{"line":23,"column":8},"end":{"line":27,"column":16}}},"fnMap":{},"branchMap":{},"s":{"0":1,"1":0,"2":0,"3":0,"4":0,"5":0},"f":{},"b":{},"_coverageSchema":"332fd63041d2c1bcb487cc26dd0d5f7d97098a6c","hash":"5e2b705b6d92a3dea351bba9ae97b439cfc34362"}
}
