{"D:\\School\\IPASS\\IPASS-Project\\frontend\\src\\cookies.js": {"path":"D:\\School\\IPASS\\IPASS-Project\\frontend\\src\\cookies.js","statementMap":{"0":{"start":{"line":2,"column":19},"end":{"line":2,"column":0}},"1":{"start":{"line":4,"column":12},"end":{"line":4,"column":4}},"2":{"start":{"line":5,"column":4},"end":{"line":null,"column":-1}},"3":{"start":{"line":6,"column":4},"end":{"line":null,"column":-1}},"4":{"start":{"line":14,"column":22},"end":{"line":14,"column":8}},"5":{"start":{"line":15,"column":8},"end":{"line":16,"column":12}},"6":{"start":{"line":16,"column":12},"end":{"line":null,"column":-1}},"7":{"start":{"line":18,"column":8},"end":{"line":null,"column":-1}},"8":{"start":{"line":24,"column":19},"end":{"line":24,"column":8}},"9":{"start":{"line":25,"column":28},"end":{"line":25,"column":8}},"10":{"start":{"line":26,"column":17},"end":{"line":26,"column":8}},"11":{"start":{"line":28,"column":8},"end":{"line":22,"column":21}},"12":{"start":{"line":29,"column":20},"end":{"line":29,"column":12}},"13":{"start":{"line":30,"column":12},"end":{"line":32,"column":13}},"14":{"start":{"line":31,"column":16},"end":{"line":null,"column":-1}},"15":{"start":{"line":33,"column":12},"end":{"line":35,"column":13}},"16":{"start":{"line":34,"column":16},"end":{"line":null,"column":-1}},"17":{"start":{"line":39,"column":8},"end":{"line":null,"column":-1}},"18":{"start":{"line":48,"column":8},"end":{"line":49,"column":13}},"19":{"start":{"line":48,"column":41},"end":{"line":48,"column":8}},"20":{"start":{"line":49,"column":13},"end":{"line":null,"column":-1}},"21":{"start":{"line":53,"column":8},"end":{"line":54,"column":13}},"22":{"start":{"line":53,"column":46},"end":{"line":53,"column":8}},"23":{"start":{"line":54,"column":13},"end":{"line":null,"column":-1}}},"fnMap":{"0":{"name":"(anonymous_0)","decl":{"start":{"line":2,"column":19},"end":{"line":2,"column":27}},"loc":{"start":{"line":2,"column":36},"end":{"line":2,"column":0}}}},"branchMap":{"0":{"loc":{"start":{"line":12,"column":28},"end":{"line":12,"column":13}},"type":"default-arg","locations":[{"start":{"line":12,"column":28},"end":{"line":12,"column":13}}]},"1":{"loc":{"start":{"line":12,"column":39},"end":{"line":12,"column":13}},"type":"default-arg","locations":[{"start":{"line":12,"column":39},"end":{"line":12,"column":13}}]},"2":{"loc":{"start":{"line":15,"column":8},"end":{"line":16,"column":12}},"type":"if","locations":[{"start":{"line":15,"column":8},"end":{"line":16,"column":12}},{"start":{"line":15,"column":8},"end":{"line":16,"column":12}}]},"3":{"loc":{"start":{"line":33,"column":12},"end":{"line":35,"column":13}},"type":"if","locations":[{"start":{"line":33,"column":12},"end":{"line":35,"column":13}},{"start":{"line":33,"column":12},"end":{"line":35,"column":13}}]},"4":{"loc":{"start":{"line":48,"column":8},"end":{"line":49,"column":13}},"type":"if","locations":[{"start":{"line":48,"column":8},"end":{"line":49,"column":13}},{"start":{"line":48,"column":8},"end":{"line":49,"column":13}}]},"5":{"loc":{"start":{"line":53,"column":8},"end":{"line":54,"column":13}},"type":"if","locations":[{"start":{"line":53,"column":8},"end":{"line":54,"column":13}},{"start":{"line":53,"column":8},"end":{"line":54,"column":13}}]}},"s":{"0":0,"1":0,"2":0,"3":0,"4":0,"5":0,"6":0,"7":0,"8":0,"9":0,"10":0,"11":0,"12":0,"13":0,"14":0,"15":0,"16":0,"17":0,"18":0,"19":0,"20":0,"21":0,"22":0,"23":0},"f":{"0":0},"b":{"0":[0],"1":[0],"2":[0,0],"3":[0,0],"4":[0,0],"5":[0,0]}}
,"D:\\School\\IPASS\\IPASS-Project\\frontend\\src\\store.js": {"path":"D:\\School\\IPASS\\IPASS-Project\\frontend\\src\\store.js","statementMap":{"0":{"start":{"line":1,"column":0},"end":{"line":null,"column":-1}},"1":{"start":{"line":2,"column":0},"end":{"line":null,"column":-1}},"2":{"start":{"line":3,"column":0},"end":{"line":null,"column":-1}},"3":{"start":{"line":4,"column":0},"end":{"line":null,"column":-1}},"4":{"start":{"line":6,"column":0},"end":{"line":null,"column":-1}},"5":{"start":{"line":17,"column":12},"end":{"line":null,"column":-1}},"6":{"start":{"line":18,"column":12},"end":{"line":null,"column":-1}},"7":{"start":{"line":19,"column":12},"end":{"line":null,"column":-1}},"8":{"start":{"line":22,"column":12},"end":{"line":null,"column":-1}},"9":{"start":{"line":23,"column":12},"end":{"line":null,"column":-1}},"10":{"start":{"line":28,"column":12},"end":{"line":null,"column":-1}},"11":{"start":{"line":29,"column":16},"end":{"line":null,"column":-1}},"12":{"start":{"line":30,"column":16},"end":{"line":null,"column":-1}},"13":{"start":{"line":32,"column":24},"end":{"line":null,"column":-1}},"14":{"start":{"line":33,"column":24},"end":{"line":42,"column":25}},"15":{"start":{"line":34,"column":28},"end":{"line":33,"column":51}},"16":{"start":{"line":36,"column":28},"end":{"line":33,"column":51}},"17":{"start":{"line":41,"column":28},"end":{"line":null,"column":-1}},"18":{"start":{"line":43,"column":24},"end":{"line":null,"column":-1}},"19":{"start":{"line":46,"column":24},"end":{"line":45,"column":36}},"20":{"start":{"line":48,"column":24},"end":{"line":null,"column":-1}},"21":{"start":{"line":51,"column":24},"end":{"line":null,"column":-1}},"22":{"start":{"line":57,"column":29},"end":{"line":56,"column":13}},"23":{"start":{"line":58,"column":34},"end":{"line":56,"column":13}},"24":{"start":{"line":59,"column":31},"end":{"line":56,"column":13}},"25":{"start":{"line":60,"column":30},"end":{"line":60,"column":36}}},"fnMap":{"0":{"name":"(anonymous_0)","decl":{"start":{"line":28,"column":31},"end":{"line":28,"column":32}},"loc":{"start":{"line":28,"column":52},"end":{"line":28,"column":19}}},"1":{"name":"(anonymous_1)","decl":{"start":{"line":31,"column":26},"end":{"line":31,"column":33}},"loc":{"start":{"line":31,"column":38},"end":{"line":30,"column":16}}},"2":{"name":"(anonymous_2)","decl":{"start":{"line":45,"column":27},"end":{"line":45,"column":31}},"loc":{"start":{"line":45,"column":36},"end":{"line":30,"column":16}}},"3":{"name":"(anonymous_3)","decl":{"start":{"line":57,"column":20},"end":{"line":57,"column":24}},"loc":{"start":{"line":57,"column":29},"end":{"line":56,"column":13}}},"4":{"name":"(anonymous_4)","decl":{"start":{"line":58,"column":25},"end":{"line":58,"column":29}},"loc":{"start":{"line":58,"column":34},"end":{"line":56,"column":13}}},"5":{"name":"(anonymous_5)","decl":{"start":{"line":59,"column":22},"end":{"line":59,"column":26}},"loc":{"start":{"line":59,"column":31},"end":{"line":56,"column":13}}},"6":{"name":"(anonymous_6)","decl":{"start":{"line":60,"column":21},"end":{"line":60,"column":25}},"loc":{"start":{"line":60,"column":30},"end":{"line":60,"column":36}}}},"branchMap":{"0":{"loc":{"start":{"line":33,"column":24},"end":{"line":42,"column":25}},"type":"if","locations":[{"start":{"line":33,"column":24},"end":{"line":42,"column":25}},{"start":{"line":33,"column":24},"end":{"line":42,"column":25}}]}},"s":{"0":0,"1":0,"2":0,"3":0,"4":0,"5":0,"6":0,"7":0,"8":0,"9":0,"10":0,"11":0,"12":0,"13":0,"14":0,"15":0,"16":0,"17":0,"18":0,"19":0,"20":0,"21":0,"22":0,"23":0,"24":0,"25":0},"f":{"0":0,"1":0,"2":0,"3":0,"4":0,"5":0,"6":0},"b":{"0":[0,0]}}
,"D:\\School\\IPASS\\IPASS-Project\\frontend\\src\\tempstore.js": {"path":"D:\\School\\IPASS\\IPASS-Project\\frontend\\src\\tempstore.js","statementMap":{"0":{"start":{"line":4,"column":8},"end":{"line":null,"column":-1}},"1":{"start":{"line":8,"column":8},"end":{"line":null,"column":-1}},"2":{"start":{"line":12,"column":8},"end":{"line":null,"column":-1}},"3":{"start":{"line":16,"column":8},"end":{"line":null,"column":-1}}},"fnMap":{},"branchMap":{},"s":{"0":0,"1":0,"2":0,"3":0},"f":{},"b":{}}
,"D:\\School\\IPASS\\IPASS-Project\\frontend\\src\\components\\ControlPanel.vue": {"path":"D:\\School\\IPASS\\IPASS-Project\\frontend\\src\\components\\ControlPanel.vue","statementMap":{"0":{"start":{"line":8,"column":0},"end":{"line":null,"column":-1}},"1":{"start":{"line":9,"column":0},"end":{"line":null,"column":-1}},"2":{"start":{"line":10,"column":0},"end":{"line":null,"column":-1}},"3":{"start":{"line":20,"column":0},"end":{"line":null,"column":-1}}},"fnMap":{},"branchMap":{},"s":{"0":0,"1":0,"2":0,"3":0},"f":{},"b":{}}
,"D:\\School\\IPASS\\IPASS-Project\\frontend\\src\\components\\Home.vue": {"path":"D:\\School\\IPASS\\IPASS-Project\\frontend\\src\\components\\Home.vue","statementMap":{"0":{"start":{"line":11,"column":0},"end":{"line":null,"column":-1}},"1":{"start":{"line":12,"column":0},"end":{"line":null,"column":-1}}},"fnMap":{},"branchMap":{},"s":{"0":0,"1":0},"f":{},"b":{}}
,"D:\\School\\IPASS\\IPASS-Project\\frontend\\src\\components\\Login.vue": {"path":"D:\\School\\IPASS\\IPASS-Project\\frontend\\src\\components\\Login.vue","statementMap":{"0":{"start":{"line":19,"column":0},"end":{"line":null,"column":-1}},"1":{"start":{"line":31,"column":0},"end":{"line":null,"column":-1}},"2":{"start":{"line":32,"column":0},"end":{"line":40,"column":0}},"3":{"start":{"line":34,"column":0},"end":{"line":null,"column":-1}},"4":{"start":{"line":37,"column":0},"end":{"line":null,"column":-1}},"5":{"start":{"line":38,"column":0},"end":{"line":null,"column":-1}},"6":{"start":{"line":39,"column":0},"end":{"line":null,"column":-1}}},"fnMap":{"0":{"name":"(anonymous_1)","decl":{"start":{"line":32,"column":0},"end":{"line":null,"column":-1}},"loc":{"start":{"line":32,"column":0},"end":{"line":35,"column":0}}},"1":{"name":"(anonymous_2)","decl":{"start":{"line":35,"column":0},"end":{"line":null,"column":-1}},"loc":{"start":{"line":35,"column":0},"end":{"line":40,"column":0}}}},"branchMap":{},"s":{"0":0,"1":0,"2":0,"3":0,"4":0,"5":0,"6":0},"f":{"0":0,"1":0},"b":{}}
,"D:\\School\\IPASS\\IPASS-Project\\frontend\\src\\components\\Logs.vue": {"path":"D:\\School\\IPASS\\IPASS-Project\\frontend\\src\\components\\Logs.vue","statementMap":{"0":{"start":{"line":27,"column":0},"end":{"line":null,"column":-1}}},"fnMap":{},"branchMap":{},"s":{"0":0},"f":{},"b":{}}
,"D:\\School\\IPASS\\IPASS-Project\\frontend\\src\\components\\Workshop.vue": {"path":"D:\\School\\IPASS\\IPASS-Project\\frontend\\src\\components\\Workshop.vue","statementMap":{"0":{"start":{"line":9,"column":0},"end":{"line":null,"column":-1}},"1":{"start":{"line":10,"column":0},"end":{"line":null,"column":-1}},"2":{"start":{"line":16,"column":0},"end":{"line":null,"column":-1}},"3":{"start":{"line":28,"column":0},"end":{"line":null,"column":-1}},"4":{"start":{"line":29,"column":0},"end":{"line":null,"column":-1}},"5":{"start":{"line":30,"column":0},"end":{"line":null,"column":-1}},"6":{"start":{"line":32,"column":0},"end":{"line":36,"column":0}},"7":{"start":{"line":33,"column":0},"end":{"line":null,"column":-1}},"8":{"start":{"line":34,"column":0},"end":{"line":null,"column":-1}},"9":{"start":{"line":35,"column":0},"end":{"line":null,"column":-1}}},"fnMap":{"0":{"name":"(anonymous_1)","decl":{"start":{"line":25,"column":0},"end":{"line":null,"column":-1}},"loc":{"start":{"line":25,"column":0},"end":{"line":38,"column":0}}}},"branchMap":{"0":{"loc":{"start":{"line":32,"column":0},"end":{"line":36,"column":0}},"type":"if","locations":[{"start":{"line":32,"column":0},"end":{"line":36,"column":0}},{"start":{"line":32,"column":0},"end":{"line":36,"column":0}}]},"1":{"loc":{"start":{"line":33,"column":0},"end":{"line":null,"column":-1}},"type":"cond-expr","locations":[{"start":{"line":33,"column":0},"end":{"line":null,"column":-1}},{"start":{"line":33,"column":0},"end":{"line":null,"column":-1}}]},"2":{"loc":{"start":{"line":34,"column":0},"end":{"line":null,"column":-1}},"type":"cond-expr","locations":[{"start":{"line":34,"column":0},"end":{"line":null,"column":-1}},{"start":{"line":34,"column":0},"end":{"line":null,"column":-1}}]},"3":{"loc":{"start":{"line":35,"column":0},"end":{"line":null,"column":-1}},"type":"if","locations":[{"start":{"line":35,"column":0},"end":{"line":null,"column":-1}},{"start":{"line":35,"column":0},"end":{"line":null,"column":-1}}]}},"s":{"0":0,"1":0,"2":0,"3":0,"4":0,"5":0,"6":0,"7":0,"8":0,"9":0},"f":{"0":0},"b":{"0":[0,0],"1":[0,0],"2":[0,0],"3":[0,0]}}
,"D:\\School\\IPASS\\IPASS-Project\\frontend\\src\\components\\backend-api.js": {"path":"D:\\School\\IPASS\\IPASS-Project\\frontend\\src\\components\\backend-api.js","statementMap":{"0":{"start":{"line":1,"column":0},"end":{"line":null,"column":-1}},"1":{"start":{"line":4,"column":14},"end":{"line":4,"column":0}},"2":{"start":{"line":11,"column":8},"end":{"line":null,"column":-1}},"3":{"start":{"line":14,"column":8},"end":{"line":null,"column":-1}},"4":{"start":{"line":17,"column":8},"end":{"line":null,"column":-1}},"5":{"start":{"line":20,"column":5},"end":{"line":null,"column":-1}},"6":{"start":{"line":23,"column":8},"end":{"line":null,"column":-1}}},"fnMap":{},"branchMap":{},"s":{"0":0,"1":0,"2":0,"3":0,"4":0,"5":0,"6":0},"f":{},"b":{}}
,"D:\\School\\IPASS\\IPASS-Project\\frontend\\src\\components\\modules\\DienstList.vue": {"path":"D:\\School\\IPASS\\IPASS-Project\\frontend\\src\\components\\modules\\DienstList.vue","statementMap":{"0":{"start":{"line":43,"column":0},"end":{"line":null,"column":-1}},"1":{"start":{"line":44,"column":0},"end":{"line":null,"column":-1}},"2":{"start":{"line":45,"column":0},"end":{"line":null,"column":-1}},"3":{"start":{"line":56,"column":0},"end":{"line":null,"column":-1}},"4":{"start":{"line":60,"column":0},"end":{"line":null,"column":-1}},"5":{"start":{"line":70,"column":0},"end":{"line":null,"column":-1}},"6":{"start":{"line":72,"column":0},"end":{"line":96,"column":0}},"7":{"start":{"line":74,"column":0},"end":{"line":null,"column":-1}},"8":{"start":{"line":78,"column":0},"end":{"line":87,"column":0}},"9":{"start":{"line":79,"column":0},"end":{"line":null,"column":-1}},"10":{"start":{"line":80,"column":0},"end":{"line":null,"column":-1}},"11":{"start":{"line":90,"column":0},"end":{"line":null,"column":-1}},"12":{"start":{"line":91,"column":0},"end":{"line":null,"column":-1}},"13":{"start":{"line":95,"column":0},"end":{"line":null,"column":-1}},"14":{"start":{"line":101,"column":0},"end":{"line":120,"column":0}},"15":{"start":{"line":103,"column":0},"end":{"line":118,"column":0}},"16":{"start":{"line":105,"column":0},"end":{"line":null,"column":-1}},"17":{"start":{"line":106,"column":0},"end":{"line":null,"column":-1}},"18":{"start":{"line":112,"column":0},"end":{"line":null,"column":-1}},"19":{"start":{"line":115,"column":0},"end":{"line":null,"column":-1}},"20":{"start":{"line":122,"column":0},"end":{"line":null,"column":-1}},"21":{"start":{"line":124,"column":0},"end":{"line":126,"column":0}},"22":{"start":{"line":125,"column":0},"end":{"line":null,"column":-1}},"23":{"start":{"line":131,"column":0},"end":{"line":null,"column":-1}},"24":{"start":{"line":132,"column":0},"end":{"line":null,"column":-1}},"25":{"start":{"line":136,"column":0},"end":{"line":null,"column":-1}},"26":{"start":{"line":137,"column":0},"end":{"line":null,"column":-1}}},"fnMap":{"0":{"name":"(anonymous_1)","decl":{"start":{"line":55,"column":0},"end":{"line":null,"column":-1}},"loc":{"start":{"line":55,"column":0},"end":{"line":57,"column":0}}},"1":{"name":"(anonymous_2)","decl":{"start":{"line":67,"column":0},"end":{"line":null,"column":-1}},"loc":{"start":{"line":67,"column":0},"end":{"line":97,"column":0}}},"2":{"name":"(anonymous_3)","decl":{"start":{"line":72,"column":0},"end":{"line":null,"column":-1}},"loc":{"start":{"line":72,"column":0},"end":{"line":75,"column":0}}},"3":{"name":"(anonymous_4)","decl":{"start":{"line":75,"column":0},"end":{"line":null,"column":-1}},"loc":{"start":{"line":75,"column":0},"end":{"line":88,"column":0}}},"4":{"name":"(anonymous_5)","decl":{"start":{"line":88,"column":0},"end":{"line":null,"column":-1}},"loc":{"start":{"line":88,"column":0},"end":{"line":92,"column":0}}},"5":{"name":"(anonymous_6)","decl":{"start":{"line":92,"column":0},"end":{"line":null,"column":-1}},"loc":{"start":{"line":92,"column":0},"end":{"line":96,"column":0}}},"6":{"name":"(anonymous_7)","decl":{"start":{"line":99,"column":0},"end":{"line":null,"column":-1}},"loc":{"start":{"line":99,"column":0},"end":{"line":128,"column":0}}},"7":{"name":"(anonymous_8)","decl":{"start":{"line":101,"column":0},"end":{"line":null,"column":-1}},"loc":{"start":{"line":101,"column":0},"end":{"line":120,"column":0}}},"8":{"name":"(anonymous_9)","decl":{"start":{"line":124,"column":0},"end":{"line":null,"column":-1}},"loc":{"start":{"line":124,"column":0},"end":{"line":126,"column":0}}},"9":{"name":"(anonymous_10)","decl":{"start":{"line":130,"column":0},"end":{"line":null,"column":-1}},"loc":{"start":{"line":130,"column":0},"end":{"line":133,"column":0}}},"10":{"name":"(anonymous_11)","decl":{"start":{"line":135,"column":0},"end":{"line":null,"column":-1}},"loc":{"start":{"line":135,"column":0},"end":{"line":138,"column":0}}}},"branchMap":{"0":{"loc":{"start":{"line":112,"column":0},"end":{"line":null,"column":-1}},"type":"if","locations":[{"start":{"line":112,"column":0},"end":{"line":null,"column":-1}},{"start":{"line":112,"column":0},"end":{"line":null,"column":-1}}]},"1":{"loc":{"start":{"line":115,"column":0},"end":{"line":null,"column":-1}},"type":"if","locations":[{"start":{"line":115,"column":0},"end":{"line":null,"column":-1}},{"start":{"line":115,"column":0},"end":{"line":null,"column":-1}}]}},"s":{"0":0,"1":0,"2":0,"3":0,"4":0,"5":0,"6":0,"7":0,"8":0,"9":0,"10":0,"11":0,"12":0,"13":0,"14":0,"15":0,"16":0,"17":0,"18":0,"19":0,"20":0,"21":0,"22":0,"23":0,"24":0,"25":0,"26":0},"f":{"0":0,"1":0,"2":0,"3":0,"4":0,"5":0,"6":0,"7":0,"8":0,"9":0,"10":0},"b":{"0":[0,0],"1":[0,0]}}
,"D:\\School\\IPASS\\IPASS-Project\\frontend\\src\\components\\modules\\DienstWorkshop.vue": {"path":"D:\\School\\IPASS\\IPASS-Project\\frontend\\src\\components\\modules\\DienstWorkshop.vue","statementMap":{"0":{"start":{"line":23,"column":0},"end":{"line":null,"column":-1}},"1":{"start":{"line":24,"column":0},"end":{"line":null,"column":-1}},"2":{"start":{"line":36,"column":0},"end":{"line":null,"column":-1}},"3":{"start":{"line":53,"column":0},"end":{"line":84,"column":0}},"4":{"start":{"line":55,"column":0},"end":{"line":null,"column":-1}},"5":{"start":{"line":59,"column":0},"end":{"line":62,"column":0}},"6":{"start":{"line":60,"column":0},"end":{"line":null,"column":-1}},"7":{"start":{"line":64,"column":0},"end":{"line":null,"column":-1}},"8":{"start":{"line":65,"column":0},"end":{"line":null,"column":-1}},"9":{"start":{"line":67,"column":0},"end":{"line":null,"column":-1}},"10":{"start":{"line":68,"column":0},"end":{"line":null,"column":-1}},"11":{"start":{"line":69,"column":0},"end":{"line":null,"column":-1}},"12":{"start":{"line":73,"column":0},"end":{"line":79,"column":0}},"13":{"start":{"line":75,"column":0},"end":{"line":null,"column":-1}},"14":{"start":{"line":78,"column":0},"end":{"line":null,"column":-1}},"15":{"start":{"line":82,"column":0},"end":{"line":null,"column":-1}},"16":{"start":{"line":86,"column":0},"end":{"line":null,"column":-1}},"17":{"start":{"line":87,"column":0},"end":{"line":null,"column":-1}},"18":{"start":{"line":88,"column":0},"end":{"line":null,"column":-1}},"19":{"start":{"line":89,"column":0},"end":{"line":null,"column":-1}}},"fnMap":{"0":{"name":"(anonymous_1)","decl":{"start":{"line":51,"column":0},"end":{"line":null,"column":-1}},"loc":{"start":{"line":51,"column":0},"end":{"line":91,"column":0}}},"1":{"name":"(anonymous_2)","decl":{"start":{"line":73,"column":0},"end":{"line":null,"column":-1}},"loc":{"start":{"line":73,"column":0},"end":{"line":76,"column":0}}},"2":{"name":"(anonymous_3)","decl":{"start":{"line":76,"column":0},"end":{"line":null,"column":-1}},"loc":{"start":{"line":76,"column":0},"end":{"line":79,"column":0}}}},"branchMap":{"0":{"loc":{"start":{"line":53,"column":0},"end":{"line":84,"column":0}},"type":"if","locations":[{"start":{"line":53,"column":0},"end":{"line":84,"column":0}},{"start":{"line":53,"column":0},"end":{"line":84,"column":0}}]},"1":{"loc":{"start":{"line":60,"column":0},"end":{"line":null,"column":-1}},"type":"if","locations":[{"start":{"line":60,"column":0},"end":{"line":null,"column":-1}},{"start":{"line":60,"column":0},"end":{"line":null,"column":-1}}]},"2":{"loc":{"start":{"line":67,"column":0},"end":{"line":null,"column":-1}},"type":"if","locations":[{"start":{"line":67,"column":0},"end":{"line":null,"column":-1}},{"start":{"line":67,"column":0},"end":{"line":null,"column":-1}}]},"3":{"loc":{"start":{"line":68,"column":0},"end":{"line":null,"column":-1}},"type":"if","locations":[{"start":{"line":68,"column":0},"end":{"line":null,"column":-1}},{"start":{"line":68,"column":0},"end":{"line":null,"column":-1}}]},"4":{"loc":{"start":{"line":69,"column":0},"end":{"line":null,"column":-1}},"type":"if","locations":[{"start":{"line":69,"column":0},"end":{"line":null,"column":-1}},{"start":{"line":69,"column":0},"end":{"line":null,"column":-1}}]}},"s":{"0":0,"1":0,"2":0,"3":0,"4":0,"5":0,"6":0,"7":0,"8":0,"9":0,"10":0,"11":0,"12":0,"13":0,"14":0,"15":0,"16":0,"17":0,"18":0,"19":0},"f":{"0":0,"1":0,"2":0},"b":{"0":[0,0],"1":[0,0],"2":[0,0],"3":[0,0],"4":[0,0]}}
}
