TN:
SF:D:\School\IPASS\IPASS-Project\frontend\src\cookies.js
FN:2,(anonymous_0)
FNF:1
FNH:0
FNDA:0,(anonymous_0)
DA:2,0
DA:4,0
DA:5,0
DA:6,0
DA:15,0
DA:16,0
DA:17,0
DA:19,0
DA:25,0
DA:26,0
DA:27,0
DA:29,0
DA:30,0
DA:31,0
DA:32,0
DA:34,0
DA:35,0
DA:40,0
DA:49,0
DA:50,0
DA:55,0
DA:56,0
LF:22
LH:0
BRDA:13,0,0,0
BRDA:13,1,0,0
BRDA:16,2,0,0
BRDA:16,2,1,0
BRDA:34,3,0,0
BRDA:34,3,1,0
BRDA:49,4,0,0
BRDA:49,4,1,0
BRDA:55,5,0,0
BRDA:55,5,1,0
BRF:10
BRH:0
end_of_record
TN:
SF:D:\School\IPASS\IPASS-Project\frontend\src\store.js
FN:29,(anonymous_0)
FN:32,(anonymous_1)
FN:46,(anonymous_2)
FN:58,(anonymous_3)
FN:59,(anonymous_4)
FN:60,(anonymous_5)
FN:61,(anonymous_6)
FNF:7
FNH:0
FNDA:0,(anonymous_0)
FNDA:0,(anonymous_1)
FNDA:0,(anonymous_2)
FNDA:0,(anonymous_3)
FNDA:0,(anonymous_4)
FNDA:0,(anonymous_5)
FNDA:0,(anonymous_6)
DA:1,0
DA:2,0
DA:3,0
DA:4,0
DA:18,0
DA:19,0
DA:20,0
DA:23,0
DA:24,0
DA:29,0
DA:30,0
DA:31,0
DA:33,0
DA:34,0
DA:35,0
DA:37,0
DA:42,0
DA:44,0
DA:47,0
DA:49,0
DA:52,0
DA:58,0
DA:59,0
DA:60,0
DA:61,0
LF:25
LH:0
BRDA:34,0,0,0
BRDA:34,0,1,0
BRF:2
BRH:0
end_of_record
TN:
SF:D:\School\IPASS\IPASS-Project\frontend\src\tempstore.js
FNF:0
FNH:0
DA:5,0
DA:9,0
DA:13,0
DA:17,0
LF:4
LH:0
BRF:0
BRH:0
end_of_record
TN:
SF:D:\School\IPASS\IPASS-Project\frontend\src\components\ControlPanel.vue
FNF:0
FNH:0
DA:10,0
DA:11,0
DA:12,0
DA:22,0
LF:4
LH:0
BRF:0
BRH:0
end_of_record
TN:
SF:D:\School\IPASS\IPASS-Project\frontend\src\components\Home.vue
FNF:0
FNH:0
DA:11,0
DA:12,0
LF:2
LH:0
BRF:0
BRH:0
end_of_record
TN:
SF:D:\School\IPASS\IPASS-Project\frontend\src\components\Login.vue
FN:34,(anonymous_1)
FN:38,(anonymous_2)
FNF:2
FNH:0
FNDA:0,(anonymous_1)
FNDA:0,(anonymous_2)
DA:20,0
DA:32,0
DA:34,0
DA:37,0
DA:40,0
DA:41,0
DA:42,0
LF:7
LH:0
BRF:0
BRH:0
end_of_record
TN:
SF:D:\School\IPASS\IPASS-Project\frontend\src\components\Workshop.vue
FN:26,(anonymous_1)
FNF:1
FNH:0
FNDA:0,(anonymous_1)
DA:10,0
DA:11,0
DA:17,0
DA:30,0
DA:31,0
DA:32,0
DA:34,0
DA:35,0
DA:36,0
DA:37,0
LF:10
LH:0
BRDA:34,0,0,0
BRDA:34,0,1,0
BRDA:35,1,0,0
BRDA:35,1,1,0
BRDA:36,2,0,0
BRDA:36,2,1,0
BRDA:37,3,0,0
BRDA:37,3,1,0
BRF:8
BRH:0
end_of_record
TN:
SF:D:\School\IPASS\IPASS-Project\frontend\src\components\backend-api.js
FNF:0
FNH:0
DA:1,0
DA:4,0
DA:12,0
DA:15,0
DA:18,0
DA:21,0
DA:24,0
DA:27,0
LF:8
LH:0
BRF:0
BRH:0
end_of_record
TN:
SF:D:\School\IPASS\IPASS-Project\frontend\src\components\modules\DienstList.vue
FN:67,(anonymous_1)
FN:79,(anonymous_2)
FN:90,(anonymous_3)
FN:93,(anonymous_4)
FN:105,(anonymous_5)
FN:110,(anonymous_6)
FN:116,(anonymous_7)
FN:118,(anonymous_8)
FN:142,(anonymous_9)
FN:148,(anonymous_10)
FN:153,(anonymous_11)
FNF:11
FNH:0
FNDA:0,(anonymous_1)
FNDA:0,(anonymous_2)
FNDA:0,(anonymous_3)
FNDA:0,(anonymous_4)
FNDA:0,(anonymous_5)
FNDA:0,(anonymous_6)
FNDA:0,(anonymous_7)
FNDA:0,(anonymous_8)
FNDA:0,(anonymous_9)
FNDA:0,(anonymous_10)
FNDA:0,(anonymous_11)
DA:55,0
DA:56,0
DA:57,0
DA:68,0
DA:72,0
DA:88,0
DA:90,0
DA:92,0
DA:95,0
DA:96,0
DA:97,0
DA:108,0
DA:109,0
DA:112,0
DA:118,0
DA:121,0
DA:123,0
DA:124,0
DA:130,0
DA:133,0
DA:140,0
DA:142,0
DA:143,0
DA:149,0
DA:150,0
DA:154,0
DA:155,0
LF:27
LH:0
BRDA:130,0,0,0
BRDA:130,0,1,0
BRDA:133,1,0,0
BRDA:133,1,1,0
BRF:4
BRH:0
end_of_record
TN:
SF:D:\School\IPASS\IPASS-Project\frontend\src\components\modules\DienstWorkshop.vue
FN:87,(anonymous_1)
FN:119,(anonymous_2)
FN:122,(anonymous_3)
FN:135,(anonymous_4)
FN:137,(anonymous_5)
FN:143,(anonymous_6)
FN:157,(anonymous_7)
FN:163,(anonymous_8)
FN:167,(anonymous_9)
FN:170,(anonymous_10)
FN:177,(anonymous_11)
FN:181,(anonymous_12)
FN:184,(anonymous_13)
FN:190,(anonymous_14)
FN:191,(anonymous_15)
FN:194,(anonymous_16)
FNF:16
FNH:0
FNDA:0,(anonymous_1)
FNDA:0,(anonymous_2)
FNDA:0,(anonymous_3)
FNDA:0,(anonymous_4)
FNDA:0,(anonymous_5)
FNDA:0,(anonymous_6)
FNDA:0,(anonymous_7)
FNDA:0,(anonymous_8)
FNDA:0,(anonymous_9)
FNDA:0,(anonymous_10)
FNDA:0,(anonymous_11)
FNDA:0,(anonymous_12)
FNDA:0,(anonymous_13)
FNDA:0,(anonymous_14)
FNDA:0,(anonymous_15)
FNDA:0,(anonymous_16)
DA:46,0
DA:47,0
DA:48,0
DA:64,0
DA:94,0
DA:97,0
DA:101,0
DA:102,0
DA:107,0
DA:108,0
DA:109,0
DA:112,0
DA:113,0
DA:114,0
DA:115,0
DA:119,0
DA:121,0
DA:124,0
DA:129,0
DA:137,0
DA:138,0
DA:139,0
DA:140,0
DA:143,0
DA:144,0
DA:145,0
DA:146,0
DA:147,0
DA:150,0
DA:152,0
DA:158,0
DA:159,0
DA:160,0
DA:165,0
DA:166,0
DA:167,0
DA:169,0
DA:172,0
DA:179,0
DA:180,0
DA:181,0
DA:183,0
DA:186,0
DA:191,0
DA:193,0
DA:196,0
DA:198,0
LF:47
LH:0
BRDA:94,0,0,0
BRDA:94,0,1,0
BRDA:102,1,0,0
BRDA:102,1,1,0
BRDA:112,2,0,0
BRDA:112,2,1,0
BRDA:113,3,0,0
BRDA:113,3,1,0
BRDA:114,4,0,0
BRDA:114,4,1,0
BRDA:115,5,0,0
BRDA:115,5,1,0
BRDA:138,6,0,0
BRDA:138,6,1,0
BRDA:144,7,0,0
BRDA:144,7,1,0
BRDA:145,8,0,0
BRDA:145,8,1,0
BRDA:146,9,0,0
BRDA:146,9,1,0
BRDA:152,10,0,0
BRDA:152,10,1,0
BRDA:158,11,0,0
BRDA:158,11,1,0
BRDA:158,12,0,0
BRDA:158,12,1,0
BRDA:165,13,0,0
BRDA:165,13,1,0
BRDA:166,14,0,0
BRDA:166,14,1,0
BRDA:179,15,0,0
BRDA:179,15,1,0
BRDA:180,16,0,0
BRDA:180,16,1,0
BRF:34
BRH:0
end_of_record
